0 info it worked if it ends with ok
1 verbose cli [ 'E:\\nodeJs\\V620\\node.exe',
1 verbose cli   'E:\\nodeJs\\V620\\node_modules\\npm\\bin\\npm-cli.js',
1 verbose cli   'run',
1 verbose cli   'serve' ]
2 info using npm@3.8.9
3 info using node@v6.2.0
4 verbose run-script [ 'preserve', 'serve', 'postserve' ]
5 info lifecycle webpackSimple04@1.0.0~preserve: webpackSimple04@1.0.0
6 silly lifecycle webpackSimple04@1.0.0~preserve: no script for preserve, continuing
7 info lifecycle webpackSimple04@1.0.0~serve: webpackSimple04@1.0.0
8 verbose lifecycle webpackSimple04@1.0.0~serve: unsafe-perm in lifecycle true
9 verbose lifecycle webpackSimple04@1.0.0~serve: PATH: E:\nodeJs\V620\node_modules\npm\bin\node-gyp-bin;E:\tools\githubDesk\repositories\webpackFreshmanual\04pageWithStaticResource\node_modules\.bin;E:\nodeJs\V620;C:\Ruby200-x64\bin;%RUBY_HOME%\bin;C:\Windows\system32;C:\Windows;C:\Windows\System32\Wbem;C:\Windows\System32\WindowsPowerShell\v1.0\;E:\tools\VersionManager\svn\bin;C:\Program Files\Java\jdk1.7.0_76\bin;E:\dataBase\mysql\mysql5.1\bin;E:\nodeJs\V620\;E:\tools\git\Git\cmd;C:\Users\Administrator\AppData\Roaming\npm
10 verbose lifecycle webpackSimple04@1.0.0~serve: CWD: E:\tools\githubDesk\repositories\webpackFreshmanual\04pageWithStaticResource
11 silly lifecycle webpackSimple04@1.0.0~serve: Args: [ '/d /s /c', 'webpack-dev-server --watch' ]
12 silly lifecycle webpackSimple04@1.0.0~serve: Returned: code: 1  signal: null
13 info lifecycle webpackSimple04@1.0.0~serve: Failed to exec serve script
14 verbose stack Error: webpackSimple04@1.0.0 serve: `webpack-dev-server --watch`
14 verbose stack Exit status 1
14 verbose stack     at EventEmitter.<anonymous> (E:\nodeJs\V620\node_modules\npm\lib\utils\lifecycle.js:245:16)
14 verbose stack     at emitTwo (events.js:106:13)
14 verbose stack     at EventEmitter.emit (events.js:191:7)
14 verbose stack     at ChildProcess.<anonymous> (E:\nodeJs\V620\node_modules\npm\lib\utils\spawn.js:24:14)
14 verbose stack     at emitTwo (events.js:106:13)
14 verbose stack     at ChildProcess.emit (events.js:191:7)
14 verbose stack     at maybeClose (internal/child_process.js:850:16)
14 verbose stack     at Process.ChildProcess._handle.onexit (internal/child_process.js:215:5)
15 verbose pkgid webpackSimple04@1.0.0
16 verbose cwd E:\tools\githubDesk\repositories\webpackFreshmanual\04pageWithStaticResource
17 error Windows_NT 6.1.7601
18 error argv "E:\\nodeJs\\V620\\node.exe" "E:\\nodeJs\\V620\\node_modules\\npm\\bin\\npm-cli.js" "run" "serve"
19 error node v6.2.0
20 error npm  v3.8.9
21 error code ELIFECYCLE
22 error webpackSimple04@1.0.0 serve: `webpack-dev-server --watch`
22 error Exit status 1
23 error Failed at the webpackSimple04@1.0.0 serve script 'webpack-dev-server --watch'.
23 error Make sure you have the latest version of node.js and npm installed.
23 error If you do, this is most likely a problem with the webpackSimple04 package,
23 error not with npm itself.
23 error Tell the author that this fails on your system:
23 error     webpack-dev-server --watch
23 error You can get information on how to open an issue for this project with:
23 error     npm bugs webpackSimple04
23 error Or if that isn't available, you can get their info via:
23 error     npm owner ls webpackSimple04
23 error There is likely additional logging output above.
24 verbose exit [ 1, true ]
